Build started 9/11/2015 6:02:02 PM.
     1>Project "C:\Users\shrinivass\Documents\Visual Studio 2013\Projects\tetrahedron\tetrahedron\tetrahedron.vcxproj" on node 2 (Build target(s)).
     1>ClCompile:
         C:\Program Files (x86)\Microsoft Visual Studio 12.0\VC\bin\CL.exe /c /IC:\Users\shrinivass\Downloads\OpenGl\freeglut\include /I"C:\Users\shrinivass\Downloads\OpenGl\glew-1.11.0\include" /ZI /nologo /W3 /WX- /sdl /Od /Oy- /D _MBCS /Gm /EHsc /RTC1 /MDd /GS /fp:precise /Zc:wchar_t /Zc:forScope /Fo"Debug\\" /Fd"Debug\vc120.pdb" /Gd /TP /analyze- /errorReport:prompt main.cpp
         main.cpp
     1>c:\users\shrinivass\documents\visual studio 2013\projects\tetrahedron\tetrahedron\main.cpp(23): warning C4305: 'argument' : truncation from 'double' to 'GLfloat'
     1>c:\users\shrinivass\documents\visual studio 2013\projects\tetrahedron\tetrahedron\main.cpp(32): warning C4305: 'argument' : truncation from 'double' to 'GLclampf'
     1>c:\users\shrinivass\documents\visual studio 2013\projects\tetrahedron\tetrahedron\main.cpp(33): error C3861: 'glClear3f': identifier not found
     1>Done Building Project "C:\Users\shrinivass\Documents\Visual Studio 2013\Projects\tetrahedron\tetrahedron\tetrahedron.vcxproj" (Build target(s)) -- FAILED.

Build FAILED.

Time Elapsed 00:00:00.89
